2019-11-25 00:16:39 INFO  NuvasiveLoginPage:47 - # Login Page Welcome
2019-11-25 00:16:39 INFO  NuvasiveLoginPage:59 - # Login Page To Our Site
2019-11-25 00:16:45 INFO  NuvasiveLoginPage:68 - # Login Page Login
2019-11-25 00:16:45 INFO  NuvasiveLoginPage:78 - # Login Page Character Count
2019-11-25 00:16:51 INFO  NuvasiveLoginPage:87 - # Login Page UserName Field Availability Check
2019-11-25 00:16:51 INFO  NuvasiveLoginPage:91 - # Login Page Password Field Availability Check
2019-11-25 00:16:56 INFO  NuvasiveLoginPage:97 - # Login Page Submit Button Availability Check
2019-11-25 00:16:56 INFO  NuvasiveLoginPage:104 - # Login Page Submit Button is Clickable Check
2019-11-25 00:17:01 INFO  NuvasiveLoginPage:109 - # Login Page Login Link click
2019-11-25 00:17:01 INFO  NuvasiveLoginPage:47 - # Login Page Welcome
2019-11-25 00:17:07 INFO  NuvasiveLoginPage:116 - # Login Page Credentials provisions
2019-11-25 00:17:07 INFO  NuvasiveLoginPage:121 - # Login Page Submit Button click
2019-11-25 00:17:12 INFO  NuvasiveLoginPage:116 - # Login Page Credentials provisions
2019-11-25 00:17:12 INFO  NuvasiveLoginPage:121 - # Login Page Submit Button click
2019-11-25 00:17:18 INFO  NuvasiveLoginPage:116 - # Login Page Credentials provisions
2019-11-25 00:17:18 INFO  NuvasiveLoginPage:121 - # Login Page Submit Button click
2019-11-25 00:17:23 INFO  NuvasiveLoginPage:116 - # Login Page Credentials provisions
2019-11-25 00:17:23 INFO  NuvasiveLoginPage:126 - # Login Page Username Type Check
2019-11-25 00:17:23 INFO  NuvasiveLoginPage:131 - # Login Page Password Type Check
2019-11-25 00:18:07 INFO  NuvasiveLoginPage:47 - # Login Page Welcome
2019-11-25 00:18:08 INFO  NuvasiveLoginPage:59 - # Login Page To Our Site
2019-11-25 00:18:12 INFO  NuvasiveLoginPage:68 - # Login Page Login
2019-11-25 00:18:13 INFO  NuvasiveLoginPage:78 - # Login Page Character Count
2019-11-25 00:18:18 INFO  NuvasiveLoginPage:87 - # Login Page UserName Field Availability Check
2019-11-25 00:18:18 INFO  NuvasiveLoginPage:91 - # Login Page Password Field Availability Check
2019-11-25 00:18:23 INFO  NuvasiveLoginPage:97 - # Login Page Submit Button Availability Check
2019-11-25 00:18:23 INFO  NuvasiveLoginPage:104 - # Login Page Submit Button is Clickable Check
2019-11-25 00:18:28 INFO  NuvasiveLoginPage:109 - # Login Page Login Link click
2019-11-25 00:18:29 INFO  NuvasiveLoginPage:47 - # Login Page Welcome
2019-11-25 00:18:34 INFO  NuvasiveLoginPage:116 - # Login Page Credentials provisions
2019-11-25 00:18:34 INFO  NuvasiveLoginPage:121 - # Login Page Submit Button click
2019-11-25 00:18:40 INFO  NuvasiveLoginPage:116 - # Login Page Credentials provisions
2019-11-25 00:18:40 INFO  NuvasiveLoginPage:121 - # Login Page Submit Button click
2019-11-25 00:18:46 INFO  NuvasiveLoginPage:116 - # Login Page Credentials provisions
2019-11-25 00:18:46 INFO  NuvasiveLoginPage:121 - # Login Page Submit Button click
2019-11-25 00:18:52 INFO  NuvasiveLoginPage:116 - # Login Page Credentials provisions
2019-11-25 00:18:52 INFO  NuvasiveLoginPage:126 - # Login Page Username Type Check
2019-11-25 00:18:52 INFO  NuvasiveLoginPage:131 - # Login Page Password Type Check
2019-11-25 00:20:30 INFO  NuvasiveLoginPage:47 - # Login Page Welcome
2019-11-25 00:20:30 INFO  NuvasiveLoginPage:59 - # Login Page To Our Site
2019-11-25 00:20:37 INFO  NuvasiveLoginPage:68 - # Login Page Login
2019-11-25 00:20:37 INFO  NuvasiveLoginPage:78 - # Login Page Character Count
2019-11-25 00:20:43 INFO  NuvasiveLoginPage:87 - # Login Page UserName Field Availability Check
2019-11-25 00:20:43 INFO  NuvasiveLoginPage:91 - # Login Page Password Field Availability Check
2019-11-25 00:20:50 INFO  NuvasiveLoginPage:97 - # Login Page Submit Button Availability Check
2019-11-25 00:20:50 INFO  NuvasiveLoginPage:104 - # Login Page Submit Button is Clickable Check
2019-11-25 00:20:57 INFO  NuvasiveLoginPage:109 - # Login Page Login Link click
2019-11-25 00:20:57 INFO  NuvasiveLoginPage:47 - # Login Page Welcome
2019-11-25 00:21:04 INFO  NuvasiveLoginPage:116 - # Login Page Credentials provisions
2019-11-25 00:21:04 INFO  NuvasiveLoginPage:121 - # Login Page Submit Button click
2019-11-25 00:21:10 INFO  NuvasiveLoginPage:116 - # Login Page Credentials provisions
2019-11-25 00:21:10 INFO  NuvasiveLoginPage:121 - # Login Page Submit Button click
2019-11-25 00:21:17 INFO  NuvasiveLoginPage:116 - # Login Page Credentials provisions
2019-11-25 00:21:17 INFO  NuvasiveLoginPage:121 - # Login Page Submit Button click
2019-11-25 00:21:24 INFO  NuvasiveLoginPage:116 - # Login Page Credentials provisions
2019-11-25 00:21:24 INFO  NuvasiveLoginPage:126 - # Login Page Username Type Check
2019-11-25 00:21:24 INFO  NuvasiveLoginPage:131 - # Login Page Password Type Check
2019-11-25 00:21:51 INFO  NuvasiveLoginPage:47 - # Login Page Welcome
2019-11-25 00:21:51 INFO  NuvasiveLoginPage:59 - # Login Page To Our Site
2019-11-25 00:21:57 INFO  NuvasiveLoginPage:68 - # Login Page Login
2019-11-25 00:21:57 INFO  NuvasiveLoginPage:78 - # Login Page Character Count
2019-11-25 00:22:04 INFO  NuvasiveLoginPage:87 - # Login Page UserName Field Availability Check
2019-11-25 00:22:04 INFO  NuvasiveLoginPage:91 - # Login Page Password Field Availability Check
2019-11-25 00:22:10 INFO  NuvasiveLoginPage:97 - # Login Page Submit Button Availability Check
2019-11-25 00:22:10 INFO  NuvasiveLoginPage:104 - # Login Page Submit Button is Clickable Check
2019-11-25 00:22:16 INFO  NuvasiveLoginPage:109 - # Login Page Login Link click
2019-11-25 00:22:17 INFO  NuvasiveLoginPage:47 - # Login Page Welcome
2019-11-25 00:22:24 INFO  NuvasiveLoginPage:116 - # Login Page Credentials provisions
2019-11-25 00:22:24 INFO  NuvasiveLoginPage:121 - # Login Page Submit Button click
2019-11-25 00:22:31 INFO  NuvasiveLoginPage:116 - # Login Page Credentials provisions
2019-11-25 00:22:31 INFO  NuvasiveLoginPage:121 - # Login Page Submit Button click
2019-11-25 00:22:37 INFO  NuvasiveLoginPage:116 - # Login Page Credentials provisions
2019-11-25 00:22:37 INFO  NuvasiveLoginPage:121 - # Login Page Submit Button click
2019-11-25 00:22:44 INFO  NuvasiveLoginPage:116 - # Login Page Credentials provisions
2019-11-25 00:22:45 INFO  NuvasiveLoginPage:126 - # Login Page Username Type Check
2019-11-25 00:22:45 INFO  NuvasiveLoginPage:131 - # Login Page Password Type Check
2019-11-25 00:28:05 INFO  NuvasiveLoginPage:47 - # Login Page Welcome
2019-11-25 00:28:05 INFO  NuvasiveLoginPage:59 - # Login Page To Our Site
2019-11-25 00:28:14 INFO  NuvasiveLoginPage:68 - # Login Page Login
2019-11-25 00:28:14 INFO  NuvasiveLoginPage:78 - # Login Page Character Count
2019-11-25 00:28:21 INFO  NuvasiveLoginPage:87 - # Login Page UserName Field Availability Check
2019-11-25 00:28:21 INFO  NuvasiveLoginPage:91 - # Login Page Password Field Availability Check
2019-11-25 00:28:27 INFO  NuvasiveLoginPage:97 - # Login Page Submit Button Availability Check
2019-11-25 00:28:27 INFO  NuvasiveLoginPage:104 - # Login Page Submit Button is Clickable Check
2019-11-25 00:28:34 INFO  NuvasiveLoginPage:109 - # Login Page Login Link click
2019-11-25 00:28:35 INFO  NuvasiveLoginPage:47 - # Login Page Welcome
2019-11-25 00:28:42 INFO  NuvasiveLoginPage:116 - # Login Page Credentials provisions
2019-11-25 00:28:42 INFO  NuvasiveLoginPage:121 - # Login Page Submit Button click
2019-11-25 00:28:49 INFO  NuvasiveLoginPage:116 - # Login Page Credentials provisions
2019-11-25 00:28:49 INFO  NuvasiveLoginPage:121 - # Login Page Submit Button click
2019-11-25 00:28:56 INFO  NuvasiveLoginPage:116 - # Login Page Credentials provisions
2019-11-25 00:28:56 INFO  NuvasiveLoginPage:121 - # Login Page Submit Button click
2019-11-25 00:29:05 INFO  NuvasiveLoginPage:116 - # Login Page Credentials provisions
2019-11-25 00:29:05 INFO  NuvasiveLoginPage:126 - # Login Page Username Type Check
2019-11-25 00:29:05 INFO  NuvasiveLoginPage:131 - # Login Page Password Type Check
2019-11-25 00:30:29 INFO  NuvasiveLoginPage:47 - # Login Page Welcome
2019-11-25 00:30:29 INFO  NuvasiveLoginPage:59 - # Login Page To Our Site
2019-11-25 00:30:36 INFO  NuvasiveLoginPage:68 - # Login Page Login
2019-11-25 00:30:36 INFO  NuvasiveLoginPage:78 - # Login Page Character Count
2019-11-25 00:30:43 INFO  NuvasiveLoginPage:87 - # Login Page UserName Field Availability Check
2019-11-25 00:30:43 INFO  NuvasiveLoginPage:91 - # Login Page Password Field Availability Check
2019-11-25 00:30:49 INFO  NuvasiveLoginPage:97 - # Login Page Submit Button Availability Check
2019-11-25 00:30:49 INFO  NuvasiveLoginPage:104 - # Login Page Submit Button is Clickable Check
2019-11-25 00:30:56 INFO  NuvasiveLoginPage:109 - # Login Page Login Link click
2019-11-25 00:30:56 INFO  NuvasiveLoginPage:47 - # Login Page Welcome
2019-11-25 00:31:04 INFO  NuvasiveLoginPage:116 - # Login Page Credentials provisions
2019-11-25 00:31:04 INFO  NuvasiveLoginPage:121 - # Login Page Submit Button click
2019-11-25 00:31:12 INFO  NuvasiveLoginPage:116 - # Login Page Credentials provisions
2019-11-25 00:31:12 INFO  NuvasiveLoginPage:121 - # Login Page Submit Button click
2019-11-25 00:31:19 INFO  NuvasiveLoginPage:116 - # Login Page Credentials provisions
2019-11-25 00:31:19 INFO  NuvasiveLoginPage:121 - # Login Page Submit Button click
2019-11-25 00:31:26 INFO  NuvasiveLoginPage:116 - # Login Page Credentials provisions
2019-11-25 00:31:26 INFO  NuvasiveLoginPage:126 - # Login Page Username Type Check
2019-11-25 00:31:26 INFO  NuvasiveLoginPage:131 - # Login Page Password Type Check
