2019-10-05 22:37:40 INFO  CurrencyConverterPage:42 - # Convert Page Header Currency Converter
2019-10-05 22:38:27 INFO  CurrencyConverterPage:42 - # Convert Page Header Currency Converter
2019-10-05 22:40:24 INFO  CurrencyConverterPage:42 - # Convert Page Header Currency Converter
2019-10-05 22:42:12 INFO  CurrencyConverterPage:42 - # Convert Page Header Currency Converter
2019-10-05 22:43:37 INFO  CurrencyConverterPage:42 - # Convert Page Header Currency Converter
2019-10-05 22:47:18 INFO  CurrencyConverterPage:42 - # Convert Page Header Currency Converter
2019-10-05 23:07:35 INFO  CurrencyConverterPage:103 - # Clicked on button: convert
2019-10-06 12:26:10 INFO  CurrencyConverterPage:44 - # Convert Page Header Currency Converter
2019-10-06 12:26:12 INFO  CurrencyConverterPage:106 - # Clicked on button: convert
2019-10-06 12:26:12 INFO  CurrencyConverterPage:113 - # Actual Source Currency results 1 EUR ?
2019-10-06 12:39:44 INFO  CurrencyConverterPage:44 - # Convert Page Header Currency Converter
2019-10-06 12:39:47 INFO  CurrencyConverterPage:106 - # Clicked on button: convert
2019-10-06 12:39:47 INFO  CurrencyConverterPage:113 - # Actual Source Currency results 1 EUR ?
2019-10-06 12:41:41 INFO  CurrencyConverterPage:44 - # Convert Page Header Currency Converter
2019-10-06 12:41:44 INFO  CurrencyConverterPage:106 - # Clicked on button: convert
2019-10-06 12:41:44 INFO  CurrencyConverterPage:114 - # Actual Source Currency results 1 EUR ?
2019-10-06 12:51:13 INFO  CurrencyConverterPage:44 - # Convert Page Header Currency Converter
2019-10-06 12:51:15 INFO  CurrencyConverterPage:106 - # Clicked on button: convert
2019-10-06 12:51:15 INFO  CurrencyConverterPage:114 - # Actual Source Currency results 1 EUR ?
2019-10-06 12:53:37 INFO  CurrencyConverterPage:44 - # Convert Page Header Currency Converter
2019-10-06 12:53:39 INFO  CurrencyConverterPage:106 - # Clicked on button: convert
2019-10-06 12:53:39 INFO  CurrencyConverterPage:114 - # Actual Source Currency results 1 EUR ?
2019-10-06 12:54:28 INFO  CurrencyConverterPage:44 - # Convert Page Header Currency Converter
2019-10-06 12:54:30 INFO  CurrencyConverterPage:106 - # Clicked on button: convert
2019-10-06 12:54:30 INFO  CurrencyConverterPage:114 - # Actual Source Currency results 1 EUR ?
2019-10-06 12:54:30 INFO  CurrencyConverterPage:125 - # Actual Source Currency results USD
2019-10-06 13:11:36 INFO  CurrencyConverterPage:44 - # Convert Page Header Currency Converter
2019-10-06 13:11:37 INFO  CurrencyConverterPage:106 - # Clicked on button: convert
2019-10-06 13:11:37 INFO  CurrencyConverterPage:114 - # Actual Source Currency results 1 EUR ?
2019-10-06 13:13:19 INFO  CurrencyConverterPage:44 - # Convert Page Header Currency Converter
2019-10-06 13:13:21 INFO  CurrencyConverterPage:106 - # Clicked on button: convert
2019-10-06 13:13:21 INFO  CurrencyConverterPage:114 - # Actual Source Currency results 1 EUR ?
2019-10-06 13:13:21 INFO  CurrencyConverterPage:126 - # Actual Source Currency results USD
2019-10-06 13:17:06 INFO  CurrencyConverterPage:44 - # Convert Page Header Currency Converter
2019-10-06 13:17:08 INFO  CurrencyConverterPage:106 - # Clicked on button: convert
2019-10-06 13:17:08 INFO  CurrencyConverterPage:114 - # Actual Source Currency results 1 EUR ?
2019-10-06 13:17:08 INFO  CurrencyConverterPage:126 - # Actual Source Currency results 1.09790 USD
2019-10-06 14:00:36 INFO  CurrencyConverterPage:44 - # Convert Page Header Currency Converter
2019-10-06 14:00:39 INFO  CurrencyConverterPage:106 - # Clicked on button: convert
2019-10-06 14:00:39 INFO  CurrencyConverterPage:112 - # Actual Source Currency results 1 EUR ?
2019-10-06 14:00:39 INFO  CurrencyConverterPage:121 - # Actual Source Currency results 1.09790 USD
2019-10-06 14:05:00 INFO  CurrencyConverterPage:44 - # Convert Page Header Currency Converter
2019-10-06 14:05:02 INFO  CurrencyConverterPage:106 - # Clicked on button: convert
2019-10-06 14:05:02 INFO  CurrencyConverterPage:112 - # Actual Source Currency results 1 EUR
2019-10-06 14:05:03 INFO  CurrencyConverterPage:121 - # Actual Target Currency results 1.09790 USD
2019-10-06 14:05:11 INFO  CurrencyConverterPage:44 - # Convert Page Header Currency Converter
2019-10-06 14:05:13 INFO  CurrencyConverterPage:106 - # Clicked on button: convert
2019-10-06 14:23:03 INFO  CurrencyConverterPage:48 - # Convert Page Header Currency Converter
2019-10-06 14:23:04 INFO  CurrencyConverterPage:110 - # Clicked on button: convert
2019-10-06 14:23:04 INFO  CurrencyConverterPage:116 - # Actual Source Currency results 1 EUR
2019-10-06 14:23:11 INFO  CurrencyConverterPage:48 - # Convert Page Header Currency Converter
2019-10-06 14:23:13 INFO  CurrencyConverterPage:110 - # Clicked on button: convert
2019-10-06 14:23:13 INFO  CurrencyConverterPage:116 - # Actual Source Currency results 1 INR
2019-10-06 14:27:43 INFO  CurrencyConverterPage:48 - # Convert Page Header Currency Converter
2019-10-06 14:27:45 INFO  CurrencyConverterPage:110 - # Clicked on button: convert
2019-10-06 14:27:45 INFO  CurrencyConverterPage:116 - # Actual Source Currency results 1 EUR
2019-10-06 14:27:51 INFO  CurrencyConverterPage:48 - # Convert Page Header Currency Converter
2019-10-06 14:27:53 INFO  CurrencyConverterPage:110 - # Clicked on button: convert
2019-10-06 14:27:53 INFO  CurrencyConverterPage:116 - # Actual Source Currency results 1 INR
2019-10-06 14:28:00 INFO  CurrencyConverterPage:48 - # Convert Page Header Currency Converter
2019-10-06 14:28:01 INFO  CurrencyConverterPage:110 - # Clicked on button: convert
2019-10-06 14:28:01 INFO  CurrencyConverterPage:116 - # Actual Source Currency results 1 GBP
2019-10-06 14:30:24 INFO  CurrencyConverterPage:48 - # Convert Page Header Currency Converter
2019-10-06 14:30:26 INFO  CurrencyConverterPage:110 - # Clicked on button: convert
2019-10-06 14:30:26 INFO  CurrencyConverterPage:116 - # Actual Source Currency results 1 EUR
2019-10-06 14:30:33 INFO  CurrencyConverterPage:48 - # Convert Page Header Currency Converter
2019-10-06 14:30:35 INFO  CurrencyConverterPage:110 - # Clicked on button: convert
2019-10-06 14:30:35 INFO  CurrencyConverterPage:116 - # Actual Source Currency results 1 INR
2019-10-06 14:30:41 INFO  CurrencyConverterPage:48 - # Convert Page Header Currency Converter
2019-10-06 14:30:43 INFO  CurrencyConverterPage:110 - # Clicked on button: convert
2019-10-06 14:30:43 INFO  CurrencyConverterPage:116 - # Actual Source Currency results 1 GBP
2019-10-06 14:30:50 INFO  CurrencyConverterPage:48 - # Convert Page Header Currency Converter
2019-10-06 14:30:51 INFO  CurrencyConverterPage:110 - # Clicked on button: convert
2019-10-06 14:30:51 INFO  CurrencyConverterPage:116 - # Actual Source Currency results 1 CAD
2019-10-06 14:30:58 INFO  CurrencyConverterPage:48 - # Convert Page Header Currency Converter
2019-10-06 14:30:59 INFO  CurrencyConverterPage:110 - # Clicked on button: convert
2019-10-06 14:30:59 INFO  CurrencyConverterPage:116 - # Actual Source Currency results 1 AUD
2019-10-06 15:01:50 INFO  CurrencyConverterPage:48 - # Convert Page Header Currency Converter
2019-10-06 15:01:52 INFO  CurrencyConverterPage:110 - # Clicked on button: convert
2019-10-06 15:01:52 INFO  CurrencyConverterPage:116 - # Actual Source Currency results 1 EUR
2019-10-06 15:01:59 INFO  CurrencyConverterPage:48 - # Convert Page Header Currency Converter
2019-10-06 15:02:01 INFO  CurrencyConverterPage:110 - # Clicked on button: convert
2019-10-06 15:02:02 INFO  CurrencyConverterPage:116 - # Actual Source Currency results 1 INR
2019-10-06 15:02:08 INFO  CurrencyConverterPage:48 - # Convert Page Header Currency Converter
2019-10-06 15:02:10 INFO  CurrencyConverterPage:110 - # Clicked on button: convert
2019-10-06 15:02:10 INFO  CurrencyConverterPage:116 - # Actual Source Currency results 1 GBP
2019-10-06 15:02:17 INFO  CurrencyConverterPage:48 - # Convert Page Header Currency Converter
2019-10-06 15:02:19 INFO  CurrencyConverterPage:110 - # Clicked on button: convert
2019-10-06 15:02:19 INFO  CurrencyConverterPage:116 - # Actual Source Currency results 1 CAD
2019-10-06 15:02:26 INFO  CurrencyConverterPage:48 - # Convert Page Header Currency Converter
2019-10-06 15:02:27 INFO  CurrencyConverterPage:110 - # Clicked on button: convert
2019-10-06 15:02:27 INFO  CurrencyConverterPage:116 - # Actual Source Currency results 1 AUD
2019-10-06 15:21:08 INFO  CurrencyConverterPage:48 - # Convert Page Header Currency Converter
2019-10-06 15:21:10 INFO  CurrencyConverterPage:110 - # Clicked on button: convert
2019-10-06 15:21:10 INFO  CurrencyConverterPage:116 - # Actual Source Currency results 1 EUR
2019-10-06 15:21:17 INFO  CurrencyConverterPage:48 - # Convert Page Header Currency Converter
2019-10-06 15:21:19 INFO  CurrencyConverterPage:110 - # Clicked on button: convert
2019-10-06 15:21:19 INFO  CurrencyConverterPage:116 - # Actual Source Currency results 1 INR
2019-10-06 15:21:26 INFO  CurrencyConverterPage:48 - # Convert Page Header Currency Converter
2019-10-06 15:21:28 INFO  CurrencyConverterPage:110 - # Clicked on button: convert
2019-10-06 15:21:28 INFO  CurrencyConverterPage:116 - # Actual Source Currency results 1 GBP
2019-10-06 15:21:35 INFO  CurrencyConverterPage:48 - # Convert Page Header Currency Converter
2019-10-06 15:21:36 INFO  CurrencyConverterPage:110 - # Clicked on button: convert
2019-10-06 15:21:37 INFO  CurrencyConverterPage:116 - # Actual Source Currency results 1 CAD
2019-10-06 15:21:43 INFO  CurrencyConverterPage:48 - # Convert Page Header Currency Converter
2019-10-06 15:21:45 INFO  CurrencyConverterPage:110 - # Clicked on button: convert
2019-10-06 15:21:45 INFO  CurrencyConverterPage:116 - # Actual Source Currency results 1 AUD
2019-10-06 15:25:33 INFO  CurrencyConverterPage:48 - # Convert Page Header Currency Converter
2019-10-06 15:25:34 INFO  CurrencyConverterPage:110 - # Clicked on button: convert
2019-10-06 15:25:34 INFO  CurrencyConverterPage:116 - # Actual Source Currency results 1 EUR
2019-10-06 15:25:34 INFO  CurrencyConverterPage:125 - # Actual Target Currency results 1.09790 USD
2019-10-06 15:25:41 INFO  CurrencyConverterPage:48 - # Convert Page Header Currency Converter
2019-10-06 15:25:43 INFO  CurrencyConverterPage:110 - # Clicked on button: convert
2019-10-06 15:25:43 INFO  CurrencyConverterPage:116 - # Actual Source Currency results 1 INR
2019-10-06 15:25:43 INFO  CurrencyConverterPage:125 - # Actual Target Currency results 0.01412 USD
2019-10-06 15:25:50 INFO  CurrencyConverterPage:48 - # Convert Page Header Currency Converter
2019-10-06 15:25:51 INFO  CurrencyConverterPage:110 - # Clicked on button: convert
2019-10-06 15:25:51 INFO  CurrencyConverterPage:116 - # Actual Source Currency results 1 GBP
2019-10-06 15:25:52 INFO  CurrencyConverterPage:125 - # Actual Target Currency results 87.36970 INR
2019-10-06 15:25:58 INFO  CurrencyConverterPage:48 - # Convert Page Header Currency Converter
2019-10-06 15:26:00 INFO  CurrencyConverterPage:110 - # Clicked on button: convert
2019-10-06 15:26:00 INFO  CurrencyConverterPage:116 - # Actual Source Currency results 1 CAD
2019-10-06 15:26:00 INFO  CurrencyConverterPage:125 - # Actual Target Currency results 14.66340 MXN
2019-10-06 15:26:07 INFO  CurrencyConverterPage:48 - # Convert Page Header Currency Converter
2019-10-06 15:26:09 INFO  CurrencyConverterPage:110 - # Clicked on button: convert
2019-10-06 15:26:09 INFO  CurrencyConverterPage:116 - # Actual Source Currency results 1 AUD
2019-10-06 15:26:09 INFO  CurrencyConverterPage:125 - # Actual Target Currency results 1.07238 NZD
2019-10-06 15:26:54 INFO  CurrencyConverterPage:48 - # Convert Page Header Currency Converter
2019-10-06 15:27:05 INFO  CurrencyConverterPage:48 - # Convert Page Header Currency Converter
2019-10-06 15:27:15 INFO  CurrencyConverterPage:48 - # Convert Page Header Currency Converter
2019-10-06 15:27:26 INFO  CurrencyConverterPage:48 - # Convert Page Header Currency Converter
2019-10-06 15:27:36 INFO  CurrencyConverterPage:48 - # Convert Page Header Currency Converter
2019-10-06 15:49:57 INFO  CurrencyConverterPage:48 - # Convert Page Header Currency Converter
2019-10-06 15:51:13 INFO  CurrencyConverterPage:48 - # Convert Page Header Currency Converter
2019-10-06 15:53:40 INFO  CurrencyConverterPage:51 - # Convert Page Header Currency Converter
2019-10-06 15:53:47 INFO  CurrencyConverterPage:123 - # Clicked on button: convert
2019-10-06 15:53:47 INFO  CurrencyConverterPage:129 - # Actual Source Currency results 1 GBP
2019-10-06 16:01:37 INFO  CurrencyConverterPage:51 - # Convert Page Header Currency Converter
2019-10-06 16:01:44 INFO  CurrencyConverterPage:94 - # Clicked on button: convert
2019-10-06 16:05:55 INFO  CurrencyConverterPage:51 - # Convert Page Header Currency Converter
2019-10-06 16:06:03 INFO  CurrencyConverterPage:94 - # Clicked on button: convert
2019-10-06 21:18:20 INFO  CurrencyConverterPage:51 - # Convert Page Header Currency Converter
2019-10-06 21:22:20 INFO  CurrencyConverterPage:51 - # Convert Page Header Currency Converter
2019-10-06 21:25:03 INFO  CurrencyConverterPage:51 - # Convert Page Header Currency Converter
2019-10-06 21:27:27 INFO  CurrencyConverterPage:51 - # Convert Page Header Currency Converter
2019-10-06 21:30:57 INFO  CurrencyConverterPage:51 - # Convert Page Header Currency Converter
2019-10-06 21:39:16 INFO  CurrencyConverterPage:51 - # Convert Page Header Currency Converter
2019-10-06 21:42:17 INFO  CurrencyConverterPage:51 - # Convert Page Header Currency Converter
2019-10-06 21:46:03 INFO  CurrencyConverterPage:51 - # Convert Page Header Currency Converter
2019-10-06 21:49:44 INFO  CurrencyConverterPage:51 - # Convert Page Header Currency Converter
2019-10-06 21:55:09 INFO  CurrencyConverterPage:51 - # Convert Page Header Currency Converter
2019-10-06 22:04:13 INFO  CurrencyConverterPage:51 - # Convert Page Header Currency Converter
2019-10-06 22:06:43 INFO  CurrencyConverterPage:51 - # Convert Page Header Currency Converter
2019-10-06 22:08:38 INFO  CurrencyConverterPage:51 - # Convert Page Header Currency Converter
2019-10-06 22:09:44 INFO  CurrencyConverterPage:51 - # Convert Page Header Currency Converter
2019-10-06 22:10:10 INFO  CurrencyConverterPage:51 - # Convert Page Header Currency Converter
2019-10-06 22:11:07 INFO  CurrencyConverterPage:51 - # Convert Page Header Currency Converter
2019-10-06 22:26:50 INFO  CurrencyConverterPage:51 - # Convert Page Header Currency Converter
2019-10-06 22:28:44 INFO  CurrencyConverterPage:51 - # Convert Page Header Currency Converter
2019-10-06 22:30:08 INFO  CurrencyConverterPage:51 - # Convert Page Header Currency Converter
2019-10-06 22:39:37 INFO  CurrencyConverterPage:52 - # Convert Page Header Currency Converter
2019-10-06 22:39:37 INFO  CurrencyConverterPage:66 - # Source From Drop Down Selected EUR
2019-10-06 22:40:11 INFO  CurrencyConverterPage:52 - # Convert Page Header Currency Converter
2019-10-06 22:40:11 INFO  CurrencyConverterPage:66 - # Source From Drop Down Selected EUR
2019-10-06 22:40:58 INFO  CurrencyConverterPage:52 - # Convert Page Header Currency Converter
2019-10-06 22:40:58 INFO  CurrencyConverterPage:66 - # Source From Drop Down Selected EUR
2019-10-06 22:40:59 INFO  CurrencyConverterPage:75 - # Source From Drop Down Selected USD
2019-10-06 22:42:06 INFO  CurrencyConverterPage:52 - # Convert Page Header Currency Converter
2019-10-06 22:42:06 INFO  CurrencyConverterPage:66 - # Source From Drop Down Selected EUR
2019-10-06 22:42:07 INFO  CurrencyConverterPage:75 - # Source From Drop Down Selected USD
2019-10-06 22:42:09 INFO  CurrencyConverterPage:93 - # Clicked on button: convert
2019-10-06 22:42:09 INFO  CurrencyConverterPage:99 - # Actual Source Currency results 1 EUR
2019-10-06 22:42:09 INFO  CurrencyConverterPage:108 - # Actual Target Currency results 1.09820 USD
2019-10-06 22:48:40 INFO  CurrencyConverterPage:52 - # Convert Page Header Currency Converter
2019-10-06 22:48:41 INFO  CurrencyConverterPage:66 - # Source From Drop Down Selected EUR
2019-10-06 22:48:42 INFO  CurrencyConverterPage:75 - # Source From Drop Down Selected USD
2019-10-06 22:48:43 INFO  CurrencyConverterPage:93 - # Clicked on button: convert
2019-10-06 22:48:43 INFO  CurrencyConverterPage:99 - # Actual Source Currency results 1 EUR
2019-10-06 22:48:44 INFO  CurrencyConverterPage:108 - # Actual Target Currency results 1.09835 USD
2019-10-06 23:05:12 INFO  CurrencyConverterPage:45 - # Convert Page Header Currency Converter
2019-10-06 23:05:12 INFO  CurrencyConverterPage:59 - # Source From Drop Down Selected EUR
2019-10-06 23:05:13 INFO  CurrencyConverterPage:68 - # Source From Drop Down Selected USD
2019-10-06 23:05:15 INFO  CurrencyConverterPage:77 - # Clicked on button: convert
2019-10-06 23:05:15 INFO  CurrencyConverterPage:83 - # Actual Source Currency results 1 EUR
2019-10-06 23:05:15 INFO  CurrencyConverterPage:92 - # Actual Target Currency results 1.09820 USD
2019-10-06 23:05:22 INFO  CurrencyConverterPage:45 - # Convert Page Header Currency Converter
2019-10-06 23:05:23 INFO  CurrencyConverterPage:59 - # Source From Drop Down Selected INR
2019-10-06 23:05:23 INFO  CurrencyConverterPage:68 - # Source From Drop Down Selected USD
2019-10-06 23:05:25 INFO  CurrencyConverterPage:77 - # Clicked on button: convert
2019-10-06 23:05:25 INFO  CurrencyConverterPage:83 - # Actual Source Currency results 1 INR
2019-10-06 23:05:25 INFO  CurrencyConverterPage:92 - # Actual Target Currency results 0.01412 USD
2019-10-06 23:05:32 INFO  CurrencyConverterPage:45 - # Convert Page Header Currency Converter
2019-10-06 23:05:32 INFO  CurrencyConverterPage:59 - # Source From Drop Down Selected GBP
2019-10-06 23:05:33 INFO  CurrencyConverterPage:68 - # Source From Drop Down Selected INR
2019-10-06 23:05:34 INFO  CurrencyConverterPage:77 - # Clicked on button: convert
2019-10-06 23:05:34 INFO  CurrencyConverterPage:83 - # Actual Source Currency results 1 GBP
2019-10-06 23:05:34 INFO  CurrencyConverterPage:92 - # Actual Target Currency results 87.20680 INR
2019-10-06 23:05:42 INFO  CurrencyConverterPage:45 - # Convert Page Header Currency Converter
2019-10-06 23:05:42 INFO  CurrencyConverterPage:59 - # Source From Drop Down Selected CAD
2019-10-06 23:05:43 INFO  CurrencyConverterPage:68 - # Source From Drop Down Selected MXN
2019-10-06 23:05:44 INFO  CurrencyConverterPage:77 - # Clicked on button: convert
2019-10-06 23:05:44 INFO  CurrencyConverterPage:83 - # Actual Source Currency results 1 CAD
2019-10-06 23:05:44 INFO  CurrencyConverterPage:92 - # Actual Target Currency results 14.66210 MXN
2019-10-06 23:05:52 INFO  CurrencyConverterPage:45 - # Convert Page Header Currency Converter
2019-10-06 23:05:52 INFO  CurrencyConverterPage:59 - # Source From Drop Down Selected AUD
2019-10-06 23:05:53 INFO  CurrencyConverterPage:68 - # Source From Drop Down Selected NZD
2019-10-06 23:05:54 INFO  CurrencyConverterPage:77 - # Clicked on button: convert
2019-10-06 23:05:55 INFO  CurrencyConverterPage:83 - # Actual Source Currency results 1 AUD
2019-10-06 23:05:55 INFO  CurrencyConverterPage:92 - # Actual Target Currency results 1.07160 NZD
2019-10-06 23:09:13 INFO  CurrencyConverterPage:45 - # Convert Page Header Currency Converter
2019-10-06 23:09:14 INFO  CurrencyConverterPage:59 - # Source From Drop Down Selected EUR
2019-10-06 23:09:14 INFO  CurrencyConverterPage:68 - # Source From Drop Down Selected USD
2019-10-06 23:09:16 INFO  CurrencyConverterPage:77 - # Clicked on button: convert
2019-10-06 23:09:16 INFO  CurrencyConverterPage:83 - # Actual Source Currency results 1 EUR
2019-10-06 23:09:16 INFO  CurrencyConverterPage:92 - # Actual Target Currency results 1.09820 USD
2019-10-06 23:09:23 INFO  CurrencyConverterPage:45 - # Convert Page Header Currency Converter
2019-10-06 23:09:24 INFO  CurrencyConverterPage:59 - # Source From Drop Down Selected INR
2019-10-06 23:09:24 INFO  CurrencyConverterPage:68 - # Source From Drop Down Selected USD
2019-10-06 23:09:26 INFO  CurrencyConverterPage:77 - # Clicked on button: convert
2019-10-06 23:09:26 INFO  CurrencyConverterPage:83 - # Actual Source Currency results 1 INR
2019-10-06 23:09:26 INFO  CurrencyConverterPage:92 - # Actual Target Currency results 0.01412 USD
2019-10-06 23:09:33 INFO  CurrencyConverterPage:45 - # Convert Page Header Currency Converter
2019-10-06 23:09:34 INFO  CurrencyConverterPage:59 - # Source From Drop Down Selected GBP
2019-10-06 23:09:34 INFO  CurrencyConverterPage:68 - # Source From Drop Down Selected INR
2019-10-06 23:09:36 INFO  CurrencyConverterPage:77 - # Clicked on button: convert
2019-10-06 23:09:36 INFO  CurrencyConverterPage:83 - # Actual Source Currency results 1 GBP
2019-10-06 23:09:36 INFO  CurrencyConverterPage:92 - # Actual Target Currency results 87.21040 INR
2019-10-06 23:09:43 INFO  CurrencyConverterPage:45 - # Convert Page Header Currency Converter
2019-10-06 23:09:44 INFO  CurrencyConverterPage:59 - # Source From Drop Down Selected CAD
2019-10-06 23:09:44 INFO  CurrencyConverterPage:68 - # Source From Drop Down Selected MXN
2019-10-06 23:09:47 INFO  CurrencyConverterPage:77 - # Clicked on button: convert
2019-10-06 23:09:47 INFO  CurrencyConverterPage:83 - # Actual Source Currency results 1 CAD
2019-10-06 23:09:47 INFO  CurrencyConverterPage:92 - # Actual Target Currency results 14.66170 MXN
2019-10-06 23:09:54 INFO  CurrencyConverterPage:45 - # Convert Page Header Currency Converter
2019-10-06 23:09:55 INFO  CurrencyConverterPage:59 - # Source From Drop Down Selected AUD
2019-10-06 23:09:55 INFO  CurrencyConverterPage:68 - # Source From Drop Down Selected NZD
2019-10-06 23:09:57 INFO  CurrencyConverterPage:77 - # Clicked on button: convert
2019-10-06 23:09:57 INFO  CurrencyConverterPage:83 - # Actual Source Currency results 1 AUD
2019-10-06 23:09:57 INFO  CurrencyConverterPage:92 - # Actual Target Currency results 1.07167 NZD
2019-10-06 23:49:58 INFO  CurrencyConverterPage:41 - # Convert Page Header Currency Converter
2019-10-06 23:49:59 INFO  CurrencyConverterPage:55 - # Source From Drop Down Selected EUR
2019-10-06 23:49:59 INFO  CurrencyConverterPage:64 - # Source From Drop Down Selected USD
2019-10-06 23:50:02 INFO  CurrencyConverterPage:73 - # Clicked on button: convert
2019-10-06 23:50:02 INFO  CurrencyConverterPage:79 - # Actual Source Currency results 1 EUR
2019-10-06 23:50:02 INFO  CurrencyConverterPage:88 - # Actual Target Currency results 1.09795 USD
2019-10-06 23:50:10 INFO  CurrencyConverterPage:41 - # Convert Page Header Currency Converter
2019-10-06 23:50:11 INFO  CurrencyConverterPage:55 - # Source From Drop Down Selected INR
2019-10-06 23:50:11 INFO  CurrencyConverterPage:64 - # Source From Drop Down Selected USD
2019-10-06 23:50:13 INFO  CurrencyConverterPage:73 - # Clicked on button: convert
2019-10-06 23:50:13 INFO  CurrencyConverterPage:79 - # Actual Source Currency results 1 INR
2019-10-06 23:50:13 INFO  CurrencyConverterPage:88 - # Actual Target Currency results 0.01412 USD
2019-10-06 23:50:21 INFO  CurrencyConverterPage:41 - # Convert Page Header Currency Converter
2019-10-06 23:50:22 INFO  CurrencyConverterPage:55 - # Source From Drop Down Selected GBP
2019-10-06 23:50:22 INFO  CurrencyConverterPage:64 - # Source From Drop Down Selected INR
2019-10-06 23:50:24 INFO  CurrencyConverterPage:73 - # Clicked on button: convert
2019-10-06 23:50:24 INFO  CurrencyConverterPage:79 - # Actual Source Currency results 1 GBP
2019-10-06 23:50:25 INFO  CurrencyConverterPage:88 - # Actual Target Currency results 87.26700 INR
2019-10-06 23:50:32 INFO  CurrencyConverterPage:41 - # Convert Page Header Currency Converter
2019-10-06 23:50:33 INFO  CurrencyConverterPage:55 - # Source From Drop Down Selected CAD
2019-10-06 23:50:34 INFO  CurrencyConverterPage:64 - # Source From Drop Down Selected MXN
2019-10-06 23:50:36 INFO  CurrencyConverterPage:73 - # Clicked on button: convert
2019-10-06 23:50:36 INFO  CurrencyConverterPage:79 - # Actual Source Currency results 1 CAD
2019-10-06 23:50:36 INFO  CurrencyConverterPage:88 - # Actual Target Currency results 14.66820 MXN
2019-10-06 23:50:44 INFO  CurrencyConverterPage:41 - # Convert Page Header Currency Converter
2019-10-06 23:50:45 INFO  CurrencyConverterPage:55 - # Source From Drop Down Selected AUD
2019-10-06 23:50:45 INFO  CurrencyConverterPage:64 - # Source From Drop Down Selected NZD
2019-10-06 23:50:47 INFO  CurrencyConverterPage:73 - # Clicked on button: convert
2019-10-06 23:50:48 INFO  CurrencyConverterPage:79 - # Actual Source Currency results 1 AUD
2019-10-06 23:50:48 INFO  CurrencyConverterPage:88 - # Actual Target Currency results 1.07011 NZD
2019-10-07 00:34:00 INFO  CurrencyConverterPage:41 - # Convert Page Header Currency Converter
2019-10-07 00:34:01 INFO  CurrencyConverterPage:55 - # Source From Drop Down Selected EUR
2019-10-07 00:34:02 INFO  CurrencyConverterPage:64 - # Source From Drop Down Selected USD
2019-10-07 00:34:04 INFO  CurrencyConverterPage:73 - # Clicked on button: convert
2019-10-07 00:34:04 INFO  CurrencyConverterPage:79 - # Actual Source Currency results 1 EUR
2019-10-07 00:34:04 INFO  CurrencyConverterPage:88 - # Actual Target Currency results 1.09815 USD
2019-10-07 00:34:11 INFO  CurrencyConverterPage:41 - # Convert Page Header Currency Converter
2019-10-07 00:34:12 INFO  CurrencyConverterPage:55 - # Source From Drop Down Selected INR
2019-10-07 00:34:13 INFO  CurrencyConverterPage:64 - # Source From Drop Down Selected USD
2019-10-07 00:34:14 INFO  CurrencyConverterPage:73 - # Clicked on button: convert
2019-10-07 00:34:14 INFO  CurrencyConverterPage:79 - # Actual Source Currency results 1 INR
2019-10-07 00:34:14 INFO  CurrencyConverterPage:88 - # Actual Target Currency results 0.01412 USD
2019-10-07 00:34:21 INFO  CurrencyConverterPage:41 - # Convert Page Header Currency Converter
2019-10-07 00:34:22 INFO  CurrencyConverterPage:55 - # Source From Drop Down Selected GBP
2019-10-07 00:34:22 INFO  CurrencyConverterPage:64 - # Source From Drop Down Selected INR
2019-10-07 00:34:24 INFO  CurrencyConverterPage:73 - # Clicked on button: convert
2019-10-07 00:34:24 INFO  CurrencyConverterPage:79 - # Actual Source Currency results 1 GBP
2019-10-07 00:34:24 INFO  CurrencyConverterPage:88 - # Actual Target Currency results 87.35200 INR
2019-10-07 00:34:31 INFO  CurrencyConverterPage:41 - # Convert Page Header Currency Converter
2019-10-07 00:34:32 INFO  CurrencyConverterPage:55 - # Source From Drop Down Selected CAD
2019-10-07 00:34:33 INFO  CurrencyConverterPage:64 - # Source From Drop Down Selected MXN
2019-10-07 00:34:35 INFO  CurrencyConverterPage:73 - # Clicked on button: convert
2019-10-07 00:34:35 INFO  CurrencyConverterPage:79 - # Actual Source Currency results 1 CAD
2019-10-07 00:34:35 INFO  CurrencyConverterPage:88 - # Actual Target Currency results 14.68220 MXN
2019-10-07 00:34:42 INFO  CurrencyConverterPage:41 - # Convert Page Header Currency Converter
2019-10-07 00:34:43 INFO  CurrencyConverterPage:55 - # Source From Drop Down Selected AUD
2019-10-07 00:34:43 INFO  CurrencyConverterPage:64 - # Source From Drop Down Selected NZD
2019-10-07 00:34:46 INFO  CurrencyConverterPage:73 - # Clicked on button: convert
2019-10-07 00:34:46 INFO  CurrencyConverterPage:79 - # Actual Source Currency results 1 AUD
2019-10-07 00:34:46 INFO  CurrencyConverterPage:88 - # Actual Target Currency results 1.07081 NZD
2019-10-07 00:37:08 INFO  CurrencyConverterPage:41 - # Convert Page Header Currency Converter
2019-10-07 00:37:08 INFO  CurrencyConverterPage:55 - # Source From Drop Down Selected EUR
2019-10-07 00:37:09 INFO  CurrencyConverterPage:64 - # Source From Drop Down Selected USD
2019-10-07 00:37:11 INFO  CurrencyConverterPage:73 - # Clicked on button: convert
2019-10-07 00:37:11 INFO  CurrencyConverterPage:79 - # Actual Source Currency results 1 EUR
2019-10-07 00:37:12 INFO  CurrencyConverterPage:88 - # Actual Target Currency results 1.09815 USD
2019-10-07 00:37:23 INFO  CurrencyConverterPage:41 - # Convert Page Header Currency Converter
2019-10-07 00:37:23 INFO  CurrencyConverterPage:55 - # Source From Drop Down Selected INR
2019-10-07 00:37:24 INFO  CurrencyConverterPage:64 - # Source From Drop Down Selected USD
2019-10-07 00:37:26 INFO  CurrencyConverterPage:73 - # Clicked on button: convert
2019-10-07 00:37:26 INFO  CurrencyConverterPage:79 - # Actual Source Currency results 1 INR
2019-10-07 00:37:26 INFO  CurrencyConverterPage:88 - # Actual Target Currency results 0.01412 USD
2019-10-07 00:37:36 INFO  CurrencyConverterPage:41 - # Convert Page Header Currency Converter
2019-10-07 00:37:36 INFO  CurrencyConverterPage:55 - # Source From Drop Down Selected GBP
2019-10-07 00:37:37 INFO  CurrencyConverterPage:64 - # Source From Drop Down Selected INR
2019-10-07 00:37:39 INFO  CurrencyConverterPage:73 - # Clicked on button: convert
2019-10-07 00:37:39 INFO  CurrencyConverterPage:79 - # Actual Source Currency results 1 GBP
2019-10-07 00:37:39 INFO  CurrencyConverterPage:88 - # Actual Target Currency results 87.35200 INR
2019-10-07 00:37:49 INFO  CurrencyConverterPage:41 - # Convert Page Header Currency Converter
2019-10-07 00:37:50 INFO  CurrencyConverterPage:55 - # Source From Drop Down Selected CAD
2019-10-07 00:37:51 INFO  CurrencyConverterPage:64 - # Source From Drop Down Selected MXN
2019-10-07 00:37:53 INFO  CurrencyConverterPage:73 - # Clicked on button: convert
2019-10-07 00:37:53 INFO  CurrencyConverterPage:79 - # Actual Source Currency results 1 CAD
2019-10-07 00:37:53 INFO  CurrencyConverterPage:88 - # Actual Target Currency results 14.68060 MXN
2019-10-07 00:38:05 INFO  CurrencyConverterPage:41 - # Convert Page Header Currency Converter
2019-10-07 00:38:06 INFO  CurrencyConverterPage:55 - # Source From Drop Down Selected AUD
2019-10-07 00:38:06 INFO  CurrencyConverterPage:64 - # Source From Drop Down Selected NZD
2019-10-07 00:38:08 INFO  CurrencyConverterPage:73 - # Clicked on button: convert
2019-10-07 00:38:08 INFO  CurrencyConverterPage:79 - # Actual Source Currency results 1 AUD
2019-10-07 00:38:08 INFO  CurrencyConverterPage:88 - # Actual Target Currency results 1.07080 NZD
2019-10-07 01:12:50 INFO  CurrencyConverterPage:41 - # Convert Page Header Currency Converter
2019-10-07 01:12:51 INFO  CurrencyConverterPage:55 - # Source From Drop Down Selected EUR
2019-10-07 01:12:52 INFO  CurrencyConverterPage:64 - # Source From Drop Down Selected USD
2019-10-07 01:12:53 INFO  CurrencyConverterPage:73 - # Clicked on button: convert
2019-10-07 01:12:53 INFO  CurrencyConverterResultsPage:39 - # Convert Page Header EUR to USD
2019-10-07 01:12:54 INFO  CurrencyConverterPage:79 - # Actual Source Currency results 1 EUR
2019-10-07 01:12:54 INFO  CurrencyConverterPage:88 - # Actual Target Currency results 1.09830 USD
2019-10-07 01:13:03 INFO  CurrencyConverterPage:41 - # Convert Page Header Currency Converter
2019-10-07 01:13:04 INFO  CurrencyConverterPage:55 - # Source From Drop Down Selected INR
2019-10-07 01:13:05 INFO  CurrencyConverterPage:64 - # Source From Drop Down Selected USD
2019-10-07 01:13:07 INFO  CurrencyConverterPage:73 - # Clicked on button: convert
2019-10-07 01:13:07 INFO  CurrencyConverterResultsPage:39 - # Convert Page Header INR to USD
2019-10-07 01:13:07 INFO  CurrencyConverterPage:79 - # Actual Source Currency results 1 INR
2019-10-07 01:13:07 INFO  CurrencyConverterPage:88 - # Actual Target Currency results 0.01412 USD
2019-10-07 01:13:15 INFO  CurrencyConverterPage:41 - # Convert Page Header Currency Converter
2019-10-07 01:13:15 INFO  CurrencyConverterPage:55 - # Source From Drop Down Selected GBP
2019-10-07 01:13:16 INFO  CurrencyConverterPage:64 - # Source From Drop Down Selected INR
2019-10-07 01:13:18 INFO  CurrencyConverterPage:73 - # Clicked on button: convert
2019-10-07 01:13:18 INFO  CurrencyConverterResultsPage:39 - # Convert Page Header GBP to INR
2019-10-07 01:13:18 INFO  CurrencyConverterPage:79 - # Actual Source Currency results 1 GBP
2019-10-07 01:13:18 INFO  CurrencyConverterPage:88 - # Actual Target Currency results 87.33430 INR
2019-10-07 01:13:26 INFO  CurrencyConverterPage:41 - # Convert Page Header Currency Converter
2019-10-07 01:13:26 INFO  CurrencyConverterPage:55 - # Source From Drop Down Selected CAD
2019-10-07 01:13:27 INFO  CurrencyConverterPage:64 - # Source From Drop Down Selected MXN
2019-10-07 01:13:29 INFO  CurrencyConverterPage:73 - # Clicked on button: convert
2019-10-07 01:13:29 INFO  CurrencyConverterResultsPage:39 - # Convert Page Header CAD to MXN
2019-10-07 01:13:29 INFO  CurrencyConverterPage:79 - # Actual Source Currency results 1 CAD
2019-10-07 01:13:29 INFO  CurrencyConverterPage:88 - # Actual Target Currency results 14.68060 MXN
2019-10-07 01:13:37 INFO  CurrencyConverterPage:41 - # Convert Page Header Currency Converter
2019-10-07 01:13:38 INFO  CurrencyConverterPage:55 - # Source From Drop Down Selected AUD
2019-10-07 01:13:38 INFO  CurrencyConverterPage:64 - # Source From Drop Down Selected NZD
2019-10-07 01:13:40 INFO  CurrencyConverterPage:73 - # Clicked on button: convert
2019-10-07 01:13:40 INFO  CurrencyConverterResultsPage:39 - # Convert Page Header AUD to NZD
2019-10-07 01:13:40 INFO  CurrencyConverterPage:79 - # Actual Source Currency results 1 AUD
2019-10-07 01:13:40 INFO  CurrencyConverterPage:88 - # Actual Target Currency results 1.07076 NZD
2019-10-07 01:21:47 INFO  CurrencyConverterPage:40 - # Convert Page Header Currency Converter
2019-10-07 01:21:47 INFO  CurrencyConverterPage:54 - # Source From Drop Down Selected EUR
2019-10-07 01:21:48 INFO  CurrencyConverterPage:63 - # Source From Drop Down Selected USD
2019-10-07 01:21:49 INFO  CurrencyConverterPage:72 - # Clicked on button: convert
2019-10-07 01:21:49 INFO  CurrencyConverterResultsPage:36 - # Convert Page Header EUR to USD
2019-10-07 01:21:49 INFO  CurrencyConverterResultsPage:47 - # Actual Source Currency results 1 EUR
2019-10-07 01:21:49 INFO  CurrencyConverterResultsPage:58 - # Actual Target Currency results 1.09830 USD
2019-10-07 01:21:57 INFO  CurrencyConverterPage:40 - # Convert Page Header Currency Converter
2019-10-07 01:21:57 INFO  CurrencyConverterPage:54 - # Source From Drop Down Selected INR
2019-10-07 01:21:58 INFO  CurrencyConverterPage:63 - # Source From Drop Down Selected USD
2019-10-07 01:21:59 INFO  CurrencyConverterPage:72 - # Clicked on button: convert
2019-10-07 01:21:59 INFO  CurrencyConverterResultsPage:36 - # Convert Page Header INR to USD
2019-10-07 01:21:59 INFO  CurrencyConverterResultsPage:47 - # Actual Source Currency results 1 INR
2019-10-07 01:21:59 INFO  CurrencyConverterResultsPage:58 - # Actual Target Currency results 0.01412 USD
2019-10-07 01:22:08 INFO  CurrencyConverterPage:40 - # Convert Page Header Currency Converter
2019-10-07 01:22:08 INFO  CurrencyConverterPage:54 - # Source From Drop Down Selected GBP
2019-10-07 01:22:08 INFO  CurrencyConverterPage:63 - # Source From Drop Down Selected INR
2019-10-07 01:22:10 INFO  CurrencyConverterPage:72 - # Clicked on button: convert
2019-10-07 01:22:10 INFO  CurrencyConverterResultsPage:36 - # Convert Page Header GBP to INR
2019-10-07 01:22:10 INFO  CurrencyConverterResultsPage:47 - # Actual Source Currency results 1 GBP
2019-10-07 01:22:10 INFO  CurrencyConverterResultsPage:58 - # Actual Target Currency results 87.34140 INR
2019-10-07 01:22:18 INFO  CurrencyConverterPage:40 - # Convert Page Header Currency Converter
2019-10-07 01:22:18 INFO  CurrencyConverterPage:54 - # Source From Drop Down Selected CAD
2019-10-07 01:22:19 INFO  CurrencyConverterPage:63 - # Source From Drop Down Selected MXN
2019-10-07 01:22:20 INFO  CurrencyConverterPage:72 - # Clicked on button: convert
2019-10-07 01:22:20 INFO  CurrencyConverterResultsPage:36 - # Convert Page Header CAD to MXN
2019-10-07 01:22:20 INFO  CurrencyConverterResultsPage:47 - # Actual Source Currency results 1 CAD
2019-10-07 01:22:20 INFO  CurrencyConverterResultsPage:58 - # Actual Target Currency results 14.68010 MXN
2019-10-07 01:22:28 INFO  CurrencyConverterPage:40 - # Convert Page Header Currency Converter
2019-10-07 01:22:29 INFO  CurrencyConverterPage:54 - # Source From Drop Down Selected AUD
2019-10-07 01:22:29 INFO  CurrencyConverterPage:63 - # Source From Drop Down Selected NZD
2019-10-07 01:22:30 INFO  CurrencyConverterPage:72 - # Clicked on button: convert
2019-10-07 01:22:31 INFO  CurrencyConverterResultsPage:36 - # Convert Page Header AUD to NZD
2019-10-07 01:22:31 INFO  CurrencyConverterResultsPage:47 - # Actual Source Currency results 1 AUD
2019-10-07 01:22:31 INFO  CurrencyConverterResultsPage:58 - # Actual Target Currency results 1.07084 NZD
2019-10-07 01:30:07 INFO  CurrencyConverterPage:40 - # Convert Page Header Currency Converter
2019-10-07 01:30:08 INFO  CurrencyConverterPage:54 - # Source From Drop Down Selected EUR
2019-10-07 01:30:08 INFO  CurrencyConverterPage:63 - # Source From Drop Down Selected USD
2019-10-07 01:30:09 INFO  CurrencyConverterPage:72 - # Clicked on button: convert
2019-10-07 01:30:09 INFO  CurrencyConverterResultsPage:36 - # Convert Page Header EUR to USD
2019-10-07 01:30:09 INFO  CurrencyConverterResultsPage:47 - # Actual Source Currency results 1 EUR
2019-10-07 01:30:09 INFO  CurrencyConverterResultsPage:58 - # Actual Target Currency results 1.09825 USD
2019-10-07 01:31:21 INFO  CurrencyConverterPage:40 - # Convert Page Header Currency Converter
2019-10-07 01:31:22 INFO  CurrencyConverterPage:54 - # Source From Drop Down Selected EUR
2019-10-07 01:31:22 INFO  CurrencyConverterPage:63 - # Source From Drop Down Selected USD
2019-10-07 01:31:24 INFO  CurrencyConverterPage:72 - # Clicked on button: convert
2019-10-07 01:31:24 INFO  CurrencyConverterResultsPage:36 - # Convert Page Header EUR to USD
2019-10-07 01:31:24 INFO  CurrencyConverterResultsPage:47 - # Actual Source Currency results 1 EUR
2019-10-07 01:31:24 INFO  CurrencyConverterResultsPage:58 - # Actual Target Currency results 1.09825 USD
2019-10-07 01:31:31 INFO  CurrencyConverterPage:40 - # Convert Page Header Currency Converter
2019-10-07 01:31:32 INFO  CurrencyConverterPage:54 - # Source From Drop Down Selected INR
2019-10-07 01:31:32 INFO  CurrencyConverterPage:63 - # Source From Drop Down Selected USD
2019-10-07 01:31:33 INFO  CurrencyConverterPage:72 - # Clicked on button: convert
2019-10-07 01:31:33 INFO  CurrencyConverterResultsPage:36 - # Convert Page Header INR to USD
2019-10-07 01:31:33 INFO  CurrencyConverterResultsPage:47 - # Actual Source Currency results 1 INR
2019-10-07 01:31:33 INFO  CurrencyConverterResultsPage:58 - # Actual Target Currency results 0.01412 USD
2019-10-07 01:31:42 INFO  CurrencyConverterPage:40 - # Convert Page Header Currency Converter
2019-10-07 01:31:42 INFO  CurrencyConverterPage:54 - # Source From Drop Down Selected GBP
2019-10-07 01:31:42 INFO  CurrencyConverterPage:63 - # Source From Drop Down Selected INR
2019-10-07 01:31:44 INFO  CurrencyConverterPage:72 - # Clicked on button: convert
2019-10-07 01:31:44 INFO  CurrencyConverterResultsPage:36 - # Convert Page Header GBP to INR
2019-10-07 01:31:44 INFO  CurrencyConverterResultsPage:47 - # Actual Source Currency results 1 GBP
2019-10-07 01:31:44 INFO  CurrencyConverterResultsPage:58 - # Actual Target Currency results 87.34140 INR
2019-10-07 01:31:51 INFO  CurrencyConverterPage:40 - # Convert Page Header Currency Converter
2019-10-07 01:31:52 INFO  CurrencyConverterPage:54 - # Source From Drop Down Selected CAD
2019-10-07 01:31:52 INFO  CurrencyConverterPage:63 - # Source From Drop Down Selected MXN
2019-10-07 01:31:53 INFO  CurrencyConverterPage:72 - # Clicked on button: convert
2019-10-07 01:31:53 INFO  CurrencyConverterResultsPage:36 - # Convert Page Header CAD to MXN
2019-10-07 01:31:53 INFO  CurrencyConverterResultsPage:47 - # Actual Source Currency results 1 CAD
2019-10-07 01:31:53 INFO  CurrencyConverterResultsPage:58 - # Actual Target Currency results 14.68080 MXN
2019-10-07 01:32:01 INFO  CurrencyConverterPage:40 - # Convert Page Header Currency Converter
2019-10-07 01:32:02 INFO  CurrencyConverterPage:54 - # Source From Drop Down Selected AUD
2019-10-07 01:32:02 INFO  CurrencyConverterPage:63 - # Source From Drop Down Selected NZD
2019-10-07 01:32:03 INFO  CurrencyConverterPage:72 - # Clicked on button: convert
2019-10-07 01:32:03 INFO  CurrencyConverterResultsPage:36 - # Convert Page Header AUD to NZD
2019-10-07 01:32:03 INFO  CurrencyConverterResultsPage:47 - # Actual Source Currency results 1 AUD
2019-10-07 01:32:03 INFO  CurrencyConverterResultsPage:58 - # Actual Target Currency results 1.07102 NZD
2019-10-07 01:43:23 INFO  CurrencyConverterPage:40 - # Convert Page Header Currency Converter
2019-10-07 01:43:24 INFO  CurrencyConverterPage:54 - # Source From Drop Down Selected EUR
2019-10-07 01:43:24 INFO  CurrencyConverterPage:63 - # Source From Drop Down Selected USD
2019-10-07 01:43:25 INFO  CurrencyConverterPage:72 - # Clicked on button: convert
2019-10-07 01:43:25 INFO  CurrencyConverterResultsPage:36 - # Convert Page Header EUR to USD
2019-10-07 01:43:25 INFO  CurrencyConverterResultsPage:47 - # Actual Source Currency results 1 EUR
2019-10-07 01:43:25 INFO  CurrencyConverterResultsPage:58 - # Actual Target Currency results 1.09840 USD
2019-10-07 01:43:34 INFO  CurrencyConverterPage:40 - # Convert Page Header Currency Converter
2019-10-07 01:43:34 INFO  CurrencyConverterPage:54 - # Source From Drop Down Selected INR
2019-10-07 01:43:35 INFO  CurrencyConverterPage:63 - # Source From Drop Down Selected USD
2019-10-07 01:43:36 INFO  CurrencyConverterPage:72 - # Clicked on button: convert
2019-10-07 01:43:36 INFO  CurrencyConverterResultsPage:36 - # Convert Page Header INR to USD
2019-10-07 01:43:36 INFO  CurrencyConverterResultsPage:47 - # Actual Source Currency results 1 INR
2019-10-07 01:43:36 INFO  CurrencyConverterResultsPage:58 - # Actual Target Currency results 0.01412 USD
2019-10-07 01:43:45 INFO  CurrencyConverterPage:40 - # Convert Page Header Currency Converter
2019-10-07 01:43:45 INFO  CurrencyConverterPage:54 - # Source From Drop Down Selected GBP
2019-10-07 01:43:45 INFO  CurrencyConverterPage:63 - # Source From Drop Down Selected INR
2019-10-07 01:43:47 INFO  CurrencyConverterPage:72 - # Clicked on button: convert
2019-10-07 01:43:47 INFO  CurrencyConverterResultsPage:36 - # Convert Page Header GBP to INR
2019-10-07 01:43:47 INFO  CurrencyConverterResultsPage:47 - # Actual Source Currency results 1 GBP
2019-10-07 01:43:47 INFO  CurrencyConverterResultsPage:58 - # Actual Target Currency results 87.34850 INR
2019-10-07 01:43:56 INFO  CurrencyConverterPage:40 - # Convert Page Header Currency Converter
2019-10-07 01:43:56 INFO  CurrencyConverterPage:54 - # Source From Drop Down Selected CAD
2019-10-07 01:43:56 INFO  CurrencyConverterPage:63 - # Source From Drop Down Selected MXN
2019-10-07 01:43:58 INFO  CurrencyConverterPage:72 - # Clicked on button: convert
2019-10-07 01:43:58 INFO  CurrencyConverterResultsPage:36 - # Convert Page Header CAD to MXN
2019-10-07 01:43:58 INFO  CurrencyConverterResultsPage:47 - # Actual Source Currency results 1 CAD
2019-10-07 01:43:58 INFO  CurrencyConverterResultsPage:58 - # Actual Target Currency results 14.67990 MXN
2019-10-07 01:44:08 INFO  CurrencyConverterPage:40 - # Convert Page Header Currency Converter
2019-10-07 01:44:08 INFO  CurrencyConverterPage:54 - # Source From Drop Down Selected AUD
2019-10-07 01:44:08 INFO  CurrencyConverterPage:63 - # Source From Drop Down Selected NZD
2019-10-07 01:44:10 INFO  CurrencyConverterPage:72 - # Clicked on button: convert
2019-10-07 01:44:10 INFO  CurrencyConverterResultsPage:36 - # Convert Page Header AUD to NZD
2019-10-07 01:44:10 INFO  CurrencyConverterResultsPage:47 - # Actual Source Currency results 1 AUD
2019-10-07 01:44:10 INFO  CurrencyConverterResultsPage:58 - # Actual Target Currency results 1.07059 NZD
2019-10-07 01:48:05 INFO  CurrencyConverterPage:40 - # Convert Page Header Currency Converter
2019-10-07 01:48:05 INFO  CurrencyConverterPage:54 - # Source From Drop Down Selected EUR
2019-10-07 01:48:06 INFO  CurrencyConverterPage:63 - # Source From Drop Down Selected USD
2019-10-07 01:48:07 INFO  CurrencyConverterPage:72 - # Clicked on button: convert
2019-10-07 01:48:07 INFO  CurrencyConverterResultsPage:36 - # Convert Page Header EUR to USD
2019-10-07 01:48:07 INFO  CurrencyConverterResultsPage:47 - # Actual Source Currency results 1 EUR
2019-10-07 01:48:07 INFO  CurrencyConverterResultsPage:58 - # Actual Target Currency results 1.09825 USD
2019-10-07 01:48:16 INFO  CurrencyConverterPage:40 - # Convert Page Header Currency Converter
2019-10-07 01:48:17 INFO  CurrencyConverterPage:54 - # Source From Drop Down Selected INR
2019-10-07 01:48:17 INFO  CurrencyConverterPage:63 - # Source From Drop Down Selected USD
2019-10-07 01:48:18 INFO  CurrencyConverterPage:72 - # Clicked on button: convert
2019-10-07 01:48:18 INFO  CurrencyConverterResultsPage:36 - # Convert Page Header INR to USD
2019-10-07 01:48:18 INFO  CurrencyConverterResultsPage:47 - # Actual Source Currency results 1 INR
2019-10-07 01:48:18 INFO  CurrencyConverterResultsPage:58 - # Actual Target Currency results 0.01412 USD
2019-10-07 01:48:27 INFO  CurrencyConverterPage:40 - # Convert Page Header Currency Converter
2019-10-07 01:48:28 INFO  CurrencyConverterPage:54 - # Source From Drop Down Selected GBP
2019-10-07 01:48:28 INFO  CurrencyConverterPage:63 - # Source From Drop Down Selected INR
2019-10-07 01:48:29 INFO  CurrencyConverterPage:72 - # Clicked on button: convert
2019-10-07 01:48:29 INFO  CurrencyConverterResultsPage:36 - # Convert Page Header GBP to INR
2019-10-07 01:48:30 INFO  CurrencyConverterResultsPage:47 - # Actual Source Currency results 1 GBP
2019-10-07 01:48:30 INFO  CurrencyConverterResultsPage:58 - # Actual Target Currency results 87.34140 INR
2019-10-07 01:48:39 INFO  CurrencyConverterPage:40 - # Convert Page Header Currency Converter
2019-10-07 01:48:39 INFO  CurrencyConverterPage:54 - # Source From Drop Down Selected CAD
2019-10-07 01:48:39 INFO  CurrencyConverterPage:63 - # Source From Drop Down Selected MXN
2019-10-07 01:48:41 INFO  CurrencyConverterPage:72 - # Clicked on button: convert
2019-10-07 01:48:41 INFO  CurrencyConverterResultsPage:36 - # Convert Page Header CAD to MXN
2019-10-07 01:48:41 INFO  CurrencyConverterResultsPage:47 - # Actual Source Currency results 1 CAD
2019-10-07 01:48:41 INFO  CurrencyConverterResultsPage:58 - # Actual Target Currency results 14.67960 MXN
2019-10-07 01:48:48 INFO  CurrencyConverterPage:40 - # Convert Page Header Currency Converter
2019-10-07 01:48:49 INFO  CurrencyConverterPage:54 - # Source From Drop Down Selected AUD
2019-10-07 01:48:49 INFO  CurrencyConverterPage:63 - # Source From Drop Down Selected NZD
2019-10-07 01:48:51 INFO  CurrencyConverterPage:72 - # Clicked on button: convert
2019-10-07 01:48:51 INFO  CurrencyConverterResultsPage:36 - # Convert Page Header AUD to NZD
2019-10-07 01:48:51 INFO  CurrencyConverterResultsPage:47 - # Actual Source Currency results 1 AUD
2019-10-07 01:48:51 INFO  CurrencyConverterResultsPage:58 - # Actual Target Currency results 1.07052 NZD
2019-10-07 01:52:29 INFO  CurrencyConverterPage:40 - # Convert Page Header Currency Converter
2019-10-07 01:52:29 INFO  CurrencyConverterPage:54 - # Source From Drop Down Selected EUR
2019-10-07 01:52:30 INFO  CurrencyConverterPage:63 - # Source From Drop Down Selected USD
2019-10-07 01:52:34 INFO  CurrencyConverterPage:72 - # Clicked on button: convert
2019-10-07 01:52:34 INFO  CurrencyConverterResultsPage:36 - # Convert Page Header EUR to USD
2019-10-07 01:52:34 INFO  CurrencyConverterResultsPage:47 - # Actual Source Currency results 1 EUR
2019-10-07 01:52:34 INFO  CurrencyConverterResultsPage:58 - # Actual Target Currency results 1.09830 USD
2019-10-07 01:52:41 INFO  CurrencyConverterPage:40 - # Convert Page Header Currency Converter
2019-10-07 01:52:41 INFO  CurrencyConverterPage:54 - # Source From Drop Down Selected INR
2019-10-07 01:52:42 INFO  CurrencyConverterPage:63 - # Source From Drop Down Selected USD
2019-10-07 01:52:43 INFO  CurrencyConverterPage:72 - # Clicked on button: convert
2019-10-07 01:52:43 INFO  CurrencyConverterResultsPage:36 - # Convert Page Header INR to USD
2019-10-07 01:52:43 INFO  CurrencyConverterResultsPage:47 - # Actual Source Currency results 1 INR
2019-10-07 01:52:43 INFO  CurrencyConverterResultsPage:58 - # Actual Target Currency results 0.01412 USD
2019-10-07 01:53:02 INFO  CurrencyConverterPage:40 - # Convert Page Header Currency Converter
2019-10-07 01:53:02 INFO  CurrencyConverterPage:54 - # Source From Drop Down Selected GBP
2019-10-07 01:53:02 INFO  CurrencyConverterPage:63 - # Source From Drop Down Selected INR
2019-10-07 01:53:04 INFO  CurrencyConverterPage:72 - # Clicked on button: convert
2019-10-07 01:53:04 INFO  CurrencyConverterResultsPage:36 - # Convert Page Header GBP to INR
2019-10-07 01:53:04 INFO  CurrencyConverterResultsPage:47 - # Actual Source Currency results 1 GBP
2019-10-07 01:53:04 INFO  CurrencyConverterResultsPage:58 - # Actual Target Currency results 87.34850 INR
2019-10-07 01:53:17 INFO  CurrencyConverterPage:40 - # Convert Page Header Currency Converter
2019-10-07 01:53:17 INFO  CurrencyConverterPage:54 - # Source From Drop Down Selected CAD
2019-10-07 01:53:18 INFO  CurrencyConverterPage:63 - # Source From Drop Down Selected MXN
2019-10-07 01:53:19 INFO  CurrencyConverterPage:72 - # Clicked on button: convert
2019-10-07 01:53:19 INFO  CurrencyConverterResultsPage:36 - # Convert Page Header CAD to MXN
2019-10-07 01:53:19 INFO  CurrencyConverterResultsPage:47 - # Actual Source Currency results 1 CAD
2019-10-07 01:53:19 INFO  CurrencyConverterResultsPage:58 - # Actual Target Currency results 14.68080 MXN
2019-10-07 01:53:25 INFO  CurrencyConverterPage:40 - # Convert Page Header Currency Converter
2019-10-07 01:53:26 INFO  CurrencyConverterPage:54 - # Source From Drop Down Selected AUD
2019-10-07 01:53:26 INFO  CurrencyConverterPage:63 - # Source From Drop Down Selected NZD
2019-10-07 01:53:27 INFO  CurrencyConverterPage:72 - # Clicked on button: convert
2019-10-07 01:53:27 INFO  CurrencyConverterResultsPage:36 - # Convert Page Header AUD to NZD
2019-10-07 01:53:27 INFO  CurrencyConverterResultsPage:47 - # Actual Source Currency results 1 AUD
2019-10-07 01:53:27 INFO  CurrencyConverterResultsPage:58 - # Actual Target Currency results 1.07060 NZD
2019-10-07 01:54:42 INFO  CurrencyConverterPage:40 - # Convert Page Header Currency Converter
2019-10-07 01:54:42 INFO  CurrencyConverterPage:54 - # Source From Drop Down Selected EUR
2019-10-07 01:54:43 INFO  CurrencyConverterPage:63 - # Source From Drop Down Selected USD
2019-10-07 01:54:44 INFO  CurrencyConverterPage:72 - # Clicked on button: convert
2019-10-07 01:54:44 INFO  CurrencyConverterResultsPage:36 - # Convert Page Header EUR to USD
2019-10-07 01:54:45 INFO  CurrencyConverterResultsPage:47 - # Actual Source Currency results 1 EUR
2019-10-07 01:54:45 INFO  CurrencyConverterResultsPage:58 - # Actual Target Currency results 1.09835 USD
2019-10-07 01:54:51 INFO  CurrencyConverterPage:40 - # Convert Page Header Currency Converter
2019-10-07 01:54:52 INFO  CurrencyConverterPage:54 - # Source From Drop Down Selected INR
2019-10-07 01:54:52 INFO  CurrencyConverterPage:63 - # Source From Drop Down Selected USD
2019-10-07 01:54:54 INFO  CurrencyConverterPage:72 - # Clicked on button: convert
2019-10-07 01:54:54 INFO  CurrencyConverterResultsPage:36 - # Convert Page Header INR to USD
2019-10-07 01:54:54 INFO  CurrencyConverterResultsPage:47 - # Actual Source Currency results 1 INR
2019-10-07 01:54:54 INFO  CurrencyConverterResultsPage:58 - # Actual Target Currency results 0.01412 USD
2019-10-07 01:55:00 INFO  CurrencyConverterPage:40 - # Convert Page Header Currency Converter
2019-10-07 01:55:01 INFO  CurrencyConverterPage:54 - # Source From Drop Down Selected GBP
2019-10-07 01:55:02 INFO  CurrencyConverterPage:63 - # Source From Drop Down Selected INR
2019-10-07 01:55:03 INFO  CurrencyConverterPage:72 - # Clicked on button: convert
2019-10-07 01:55:03 INFO  CurrencyConverterResultsPage:36 - # Convert Page Header GBP to INR
2019-10-07 01:55:03 INFO  CurrencyConverterResultsPage:47 - # Actual Source Currency results 1 GBP
2019-10-07 01:55:03 INFO  CurrencyConverterResultsPage:58 - # Actual Target Currency results 87.35200 INR
2019-10-07 02:03:53 INFO  CurrencyConverterPage:40 - # Convert Page Header Currency Converter
2019-10-07 02:03:53 INFO  CurrencyConverterPage:54 - # Source From Drop Down Selected EUR
2019-10-07 02:03:54 INFO  CurrencyConverterPage:63 - # Source From Drop Down Selected USD
2019-10-07 02:03:55 INFO  CurrencyConverterPage:72 - # Clicked on button: convert
2019-10-07 02:03:55 INFO  CurrencyConverterResultsPage:36 - # Convert Page Header EUR to USD
2019-10-07 02:03:55 INFO  CurrencyConverterResultsPage:47 - # Actual Source Currency results 1 EUR
2019-10-07 02:03:55 INFO  CurrencyConverterResultsPage:58 - # Actual Target Currency results 1.09825 USD
2019-10-07 02:04:02 INFO  CurrencyConverterPage:40 - # Convert Page Header Currency Converter
2019-10-07 02:04:03 INFO  CurrencyConverterPage:54 - # Source From Drop Down Selected INR
2019-10-07 02:04:04 INFO  CurrencyConverterPage:63 - # Source From Drop Down Selected USD
2019-10-07 02:04:06 INFO  CurrencyConverterPage:72 - # Clicked on button: convert
2019-10-07 02:04:06 INFO  CurrencyConverterResultsPage:36 - # Convert Page Header INR to USD
2019-10-07 02:04:06 INFO  CurrencyConverterResultsPage:47 - # Actual Source Currency results 1 INR
2019-10-07 02:04:06 INFO  CurrencyConverterResultsPage:58 - # Actual Target Currency results 0.01412 USD
2019-10-07 02:04:39 INFO  CurrencyConverterPage:40 - # Convert Page Header Currency Converter
2019-10-07 02:04:40 INFO  CurrencyConverterPage:54 - # Source From Drop Down Selected GBP
2019-10-07 02:04:40 INFO  CurrencyConverterPage:63 - # Source From Drop Down Selected INR
2019-10-07 02:04:42 INFO  CurrencyConverterPage:72 - # Clicked on button: convert
2019-10-07 02:04:42 INFO  CurrencyConverterResultsPage:36 - # Convert Page Header GBP to INR
2019-10-07 02:04:42 INFO  CurrencyConverterResultsPage:47 - # Actual Source Currency results 1 GBP
2019-10-07 02:04:42 INFO  CurrencyConverterResultsPage:58 - # Actual Target Currency results 87.34140 INR
2019-10-07 02:05:00 INFO  CurrencyConverterPage:40 - # Convert Page Header Currency Converter
2019-10-07 02:05:00 INFO  CurrencyConverterPage:54 - # Source From Drop Down Selected CAD
2019-10-07 02:05:00 INFO  CurrencyConverterPage:63 - # Source From Drop Down Selected MXN
2019-10-07 02:05:03 INFO  CurrencyConverterPage:72 - # Clicked on button: convert
2019-10-07 02:05:03 INFO  CurrencyConverterResultsPage:36 - # Convert Page Header CAD to MXN
2019-10-07 02:05:03 INFO  CurrencyConverterResultsPage:47 - # Actual Source Currency results 1 CAD
2019-10-07 02:05:03 INFO  CurrencyConverterResultsPage:58 - # Actual Target Currency results 14.67700 MXN
2019-10-17 21:53:03 INFO  CurrencyConverterPage:40 - # Convert Page Header Currency Converter
2019-10-17 21:53:04 INFO  CurrencyConverterPage:54 - # Source From Drop Down Selected EUR
2019-10-17 21:53:05 INFO  CurrencyConverterPage:63 - # Source From Drop Down Selected USD
2019-10-17 21:53:08 INFO  CurrencyConverterPage:72 - # Clicked on button: convert
2019-10-17 21:53:08 INFO  CurrencyConverterResultsPage:36 - # Convert Page Header EUR to USD
2019-10-17 21:53:08 INFO  CurrencyConverterResultsPage:47 - # Actual Source Currency results 1 EUR
2019-10-17 21:53:08 INFO  CurrencyConverterResultsPage:58 - # Actual Target Currency results 1.11240 USD
2019-10-17 21:53:18 INFO  CurrencyConverterPage:40 - # Convert Page Header Currency Converter
2019-10-17 21:53:19 INFO  CurrencyConverterPage:54 - # Source From Drop Down Selected INR
2019-10-17 21:53:20 INFO  CurrencyConverterPage:63 - # Source From Drop Down Selected USD
2019-10-17 21:53:24 INFO  CurrencyConverterPage:72 - # Clicked on button: convert
2019-10-17 21:53:25 INFO  CurrencyConverterResultsPage:36 - # Convert Page Header INR to USD
2019-10-17 21:53:25 INFO  CurrencyConverterResultsPage:47 - # Actual Source Currency results 1 INR
2019-10-17 21:53:25 INFO  CurrencyConverterResultsPage:58 - # Actual Target Currency results 0.01406 USD
2019-10-17 21:53:34 INFO  CurrencyConverterPage:40 - # Convert Page Header Currency Converter
2019-10-17 21:53:35 INFO  CurrencyConverterPage:54 - # Source From Drop Down Selected GBP
2019-10-17 21:53:36 INFO  CurrencyConverterPage:63 - # Source From Drop Down Selected INR
2019-10-17 21:53:38 INFO  CurrencyConverterPage:72 - # Clicked on button: convert
2019-10-17 21:53:38 INFO  CurrencyConverterResultsPage:36 - # Convert Page Header GBP to INR
2019-10-17 21:53:39 INFO  CurrencyConverterResultsPage:47 - # Actual Source Currency results 1 GBP
2019-10-17 21:53:39 INFO  CurrencyConverterResultsPage:58 - # Actual Target Currency results 91.56480 INR
2019-10-17 21:53:48 INFO  CurrencyConverterPage:40 - # Convert Page Header Currency Converter
2019-10-17 21:53:49 INFO  CurrencyConverterPage:54 - # Source From Drop Down Selected CAD
2019-10-17 21:53:49 INFO  CurrencyConverterPage:63 - # Source From Drop Down Selected MXN
2019-10-17 21:53:51 INFO  CurrencyConverterPage:72 - # Clicked on button: convert
2019-10-17 21:53:52 INFO  CurrencyConverterResultsPage:36 - # Convert Page Header CAD to MXN
2019-10-17 21:53:52 INFO  CurrencyConverterResultsPage:47 - # Actual Source Currency results 1 CAD
2019-10-17 21:53:52 INFO  CurrencyConverterResultsPage:58 - # Actual Target Currency results 14.61290 MXN
2019-10-17 21:54:01 INFO  CurrencyConverterPage:40 - # Convert Page Header Currency Converter
2019-10-17 21:54:02 INFO  CurrencyConverterPage:54 - # Source From Drop Down Selected AUD
2019-10-17 21:54:03 INFO  CurrencyConverterPage:63 - # Source From Drop Down Selected NZD
2019-10-17 21:54:06 INFO  CurrencyConverterPage:72 - # Clicked on button: convert
2019-10-17 21:54:07 INFO  CurrencyConverterResultsPage:36 - # Convert Page Header AUD to NZD
2019-10-17 21:54:07 INFO  CurrencyConverterResultsPage:47 - # Actual Source Currency results 1 AUD
2019-10-17 21:54:07 INFO  CurrencyConverterResultsPage:58 - # Actual Target Currency results 1.07480 NZD
2019-11-11 23:11:38 INFO  CurrencyConverterPage:40 - # Convert Page Header Currency Converter
2019-11-11 23:11:39 INFO  CurrencyConverterPage:54 - # Source From Drop Down Selected AUD
2019-11-11 23:12:27 INFO  CurrencyConverterPage:40 - # Convert Page Header Currency Converter
2019-11-11 23:12:28 INFO  CurrencyConverterPage:54 - # Source From Drop Down Selected AUD
2019-11-11 23:20:12 INFO  CurrencyConverterPage:40 - # Convert Page Header Currency Converter
2019-11-11 23:20:12 INFO  CurrencyConverterPage:54 - # Source From Drop Down Selected AUD
2019-11-11 23:22:23 INFO  CurrencyConverterPage:41 - # Convert Page Header Currency Converter
2019-11-11 23:22:24 INFO  CurrencyConverterPage:55 - # Source From Drop Down Selected AUD
2019-11-11 23:22:24 INFO  CurrencyConverterPage:64 - # Source From Drop Down Selected NZD
2019-11-11 23:25:47 INFO  CurrencyConverterPage:41 - # Convert Page Header Currency Converter
2019-11-11 23:25:48 INFO  CurrencyConverterPage:55 - # Source From Drop Down Selected AUD
2019-11-11 23:25:48 INFO  CurrencyConverterPage:64 - # Source From Drop Down Selected NZD
2019-11-11 23:26:05 INFO  CurrencyConverterPage:73 - # Clicked on button: convert
2019-11-11 23:26:20 INFO  CurrencyConverterResultsPage:36 - # Convert Page Header 1 AUD to NZD
2019-11-11 23:30:24 INFO  CurrencyConverterPage:41 - # Convert Page Header Currency Converter
2019-11-11 23:30:24 INFO  CurrencyConverterPage:55 - # Source From Drop Down Selected AUD
2019-11-11 23:30:24 INFO  CurrencyConverterPage:64 - # Source From Drop Down Selected NZD
2019-11-11 23:30:36 INFO  CurrencyConverterPage:73 - # Clicked on button: convert
2019-11-11 23:30:41 INFO  CurrencyConverterResultsPage:36 - # Convert Page Header 1 AUD to NZD
2019-11-11 23:36:18 INFO  CurrencyConverterPage:41 - # Convert Page Header Currency Converter
2019-11-11 23:36:18 INFO  CurrencyConverterPage:55 - # Source From Drop Down Selected AUD
2019-11-11 23:36:19 INFO  CurrencyConverterPage:64 - # Source From Drop Down Selected NZD
2019-11-11 23:36:30 INFO  CurrencyConverterPage:73 - # Clicked on button: convert
2019-11-11 23:36:35 INFO  CurrencyConverterResultsPage:36 - # Convert Page Header 1 AUD to NZD
2019-11-12 21:04:27 INFO  CurrencyConverterPage:41 - # Convert Page Header Currency Converter
2019-11-12 21:04:28 INFO  CurrencyConverterPage:55 - # Source From Drop Down Selected AUD
2019-11-12 21:04:28 INFO  CurrencyConverterPage:64 - # Source From Drop Down Selected NZD
2019-11-12 21:04:30 INFO  CurrencyConverterPage:73 - # Clicked on button: convert
2019-11-12 21:04:35 INFO  CurrencyConverterResultsPage:36 - # Convert Page Header 1 AUD to NZD
2019-11-12 23:02:04 INFO  CurrencyConverterPage:41 - # Convert Page Header Currency Converter
2019-11-12 23:40:00 INFO  CurrencyConverterPage:51 - # Convert Page Header Currency Converter
2019-11-12 23:40:06 INFO  CurrencyConverterPage:64 - # Source From Drop Down Selected AUD
2019-11-12 23:48:38 INFO  CurrencyConverterPage:51 - # Convert Page Header Currency Converter
2019-11-12 23:48:43 INFO  CurrencyConverterPage:64 - # Source From Drop Down Selected AUD
2019-11-12 23:48:48 INFO  CurrencyConverterPage:73 - # Source From Drop Down Selected NZD
2019-11-12 23:48:50 INFO  CurrencyConverterPage:82 - # Clicked on button: convert
2019-11-12 23:54:34 INFO  CurrencyConverterPage:51 - # Convert Page Header Currency Converter
2019-11-12 23:54:39 INFO  CurrencyConverterPage:64 - # Source From Drop Down Selected AUD
2019-11-12 23:54:45 INFO  CurrencyConverterPage:73 - # Source From Drop Down Selected NZD
2019-11-12 23:54:46 INFO  CurrencyConverterPage:82 - # Clicked on button: convert
2019-11-12 23:54:51 INFO  CurrencyConverterResultsPage:36 - # Convert Page Header 1 AUD to NZD
2019-11-12 23:56:08 INFO  CurrencyConverterPage:51 - # Convert Page Header Currency Converter
2019-11-12 23:56:14 INFO  CurrencyConverterPage:64 - # Source From Drop Down Selected EUR
2019-11-12 23:56:19 INFO  CurrencyConverterPage:73 - # Source From Drop Down Selected USD
2019-11-12 23:56:20 INFO  CurrencyConverterPage:82 - # Clicked on button: convert
2019-11-12 23:56:25 INFO  CurrencyConverterResultsPage:36 - # Convert Page Header 1 EUR to USD
2019-11-12 23:56:36 INFO  CurrencyConverterPage:51 - # Convert Page Header Currency Converter
2019-11-12 23:56:42 INFO  CurrencyConverterPage:64 - # Source From Drop Down Selected INR
2019-11-12 23:56:47 INFO  CurrencyConverterPage:73 - # Source From Drop Down Selected USD
2019-11-12 23:56:49 INFO  CurrencyConverterPage:82 - # Clicked on button: convert
2019-11-12 23:56:54 INFO  CurrencyConverterResultsPage:36 - # Convert Page Header 1 INR to USD
2019-11-12 23:57:04 INFO  CurrencyConverterPage:51 - # Convert Page Header Currency Converter
2019-11-12 23:57:10 INFO  CurrencyConverterPage:64 - # Source From Drop Down Selected GBP
2019-11-12 23:57:15 INFO  CurrencyConverterPage:73 - # Source From Drop Down Selected INR
2019-11-12 23:57:16 INFO  CurrencyConverterPage:82 - # Clicked on button: convert
2019-11-12 23:57:22 INFO  CurrencyConverterResultsPage:36 - # Convert Page Header 1 GBP to INR
2019-11-12 23:57:33 INFO  CurrencyConverterPage:51 - # Convert Page Header Currency Converter
2019-11-12 23:57:38 INFO  CurrencyConverterPage:64 - # Source From Drop Down Selected CAD
2019-11-12 23:57:43 INFO  CurrencyConverterPage:73 - # Source From Drop Down Selected MXN
2019-11-12 23:57:44 INFO  CurrencyConverterPage:82 - # Clicked on button: convert
2019-11-12 23:57:50 INFO  CurrencyConverterResultsPage:36 - # Convert Page Header 1 CAD to MXN
2019-11-12 23:58:00 INFO  CurrencyConverterPage:51 - # Convert Page Header Currency Converter
2019-11-12 23:58:06 INFO  CurrencyConverterPage:64 - # Source From Drop Down Selected AUD
2019-11-12 23:58:11 INFO  CurrencyConverterPage:73 - # Source From Drop Down Selected NZD
2019-11-12 23:58:13 INFO  CurrencyConverterPage:82 - # Clicked on button: convert
2019-11-12 23:58:18 INFO  CurrencyConverterResultsPage:36 - # Convert Page Header 1 AUD to NZD
